Arguments: 
  C:\Program Files\nodejs\node.exe C:\Users\Shive Singh\AppData\Roaming\npm\node_modules\yarn\bin\yarn.js add babel-plugin-transform-class-properties@6.24.1

PATH: 
  C:\Program Files\Git\mingw64\bin;C:\Program Files\Git\usr\bin;C:\Users\Shive Singh\bin;C:\Program Files (x86)\Common Files\Oracle\Java\javapath;C:\Program Files (x86)\Intel\iCLS Client;C:\Program Files\Intel\iCLS Client;C:\Windows\system32;C:\Windows;C:\Windows\System32\Wbem;C:\Windows\System32\WindowsPowerShell\v1.0;C:\Program Files\Intel\Intel(R) Management Engine Components\DAL;C:\Program Files\Intel\Intel(R) Management Engine Components\IPT;C:\Program Files (x86)\Intel\Intel(R) Management Engine Components\DAL;C:\Program Files (x86)\Intel\Intel(R) Management Engine Components\IPT;C:\Program Files (x86)\Windows Live\Shared;C:\MinGW\bin;C:\Program Files\Java\jdk1.8.0_171\bin;C:\MinGW\bin;C:\MinGW\bin;%NVM_HOME%;%NVM_SYMLINK%;C:\Program Files\nodejs;C:\Program Files\Git\cmd;C:\Program Files\Git\mingw64\bin;C:\Program Files\Git\usr\bin;C:\nvm;C:\Program Files\nodejs;C:\Users\Shive Singh\AppData\Roaming\npm;C:\Program Files\heroku\bin;C:\Users\Shive Singh\AppData\Local\Programs\Microsoft VS Code\bin

Yarn version: 
  1.13.0

Node version: 
  10.10.0

Platform: 
  win32 x64

Trace: 
  Error: EPERM: operation not permitted, unlink 'C:\Users\Shive Singh\Desktop\react-course-projects\expensify\node_modules\node-sass\vendor\win32-x64-64\binding.node'

npm manifest: 
  {
    "name": "expensify",
    "version": "1.0.0",
    "main": "index.js",
    "author": "Amit Kumar Singh",
    "license": "MIT",
    "scripts": {
      "serve": "live-server public/",
      "build:dev": "webpack",
      "build:prod": "webpack -p --env production",
      "dev-server": "webpack-dev-server",
      "start": "node server/server.js",
      "heroku-postbuild": "yarn run build:prod"
    },
    "dependencies": {
      "babel-cli": "6.24.1",
      "babel-core": "6.25.0",
      "babel-loader": "7.1.1",
      "babel-plugin-transform-object-rest-spread": "^6.26.0",
      "babel-preset-env": "1.5.2",
      "babel-preset-react": "6.24.1",
      "css-loader": "^0.28.4",
      "express": "^4.17.1",
      "extract-text-webpack-plugin": "^4.0.0-beta.0",
      "live-server": "^1.2.1",
      "moment": "^2.24.0",
      "node-sass": "^4.12.0",
      "normalize.css": "^8.0.1",
      "numeral": "^2.0.6",
      "react": "16.0.0",
      "react-addons-shallow-compare": "^15.6.2",
      "react-date": "^2.0.0",
      "react-dates": "^20.2.4",
      "react-dom": "16.0.0",
      "react-modal": "^3.8.1",
      "react-redux": "^5.0.5",
      "react-router-dom": "^5.0.1",
      "redux": "^4.0.1",
      "sass-loader": "^6.0.6",
      "style-loader": "^0.18.2",
      "uuid": "^3.3.2",
      "validator": "8.0.0",
      "webpack": "^4.34.0",
      "webpack-dev-server": "^3.7.1"
    },
    "devDependencies": {
      "webpack-cli": "^3.3.4"
    },
    "repository": "https://github.com/Amit5565/Expensify.git"
  }

yarn manifest: 
  No manifest

Lockfile: 
  No lockfile
